<?xml version="1.0" encoding="UTF-8"?>
<testng-results ignored="0" total="1" passed="1" failed="0" skipped="0">
  <reporter-output>
  </reporter-output>
  <suite started-at="2018-07-29T16:44:38Z" name="Default suite" finished-at="2018-07-29T16:44:38Z" duration-ms="37">
    <groups>
    </groups>
    <test started-at="2018-07-29T16:44:38Z" name="Default test" finished-at="2018-07-29T16:44:38Z" duration-ms="37">
      <class name="devops.WebDriverTest">
        <test-method signature="startProject()[pri:0, instance:devops.WebDriverTest@6a03bcb1]" started-at="2018-07-29T22:14:38Z" name="startProject" finished-at="2018-07-29T22:14:38Z" duration-ms="9" status="PASS">
          <reporter-output>
          </reporter-output>
        </test-method> <!-- startProject -->
      </class> <!-- devops.WebDriverTest -->
    </test> <!-- Default test -->
  </suite> <!-- Default suite -->
</testng-results>
